{"/home/pranay/Documents/test1/app/config/utils.js":{"path":"/home/pranay/Documents/test1/app/config/utils.js","s":{"1":1,"2":1,"3":4,"4":4,"5":1,"6":3,"7":2,"8":2,"9":1,"10":1,"11":1},"b":{"1":[1,3],"2":[4,3],"3":[1,1]},"f":{"1":4,"2":2},"fnMap":{"1":{"name":"(anonymous_1)","line":5,"loc":{"start":{"line":5,"column":10},"end":{"line":5,"column":20}}},"2":{"name":"(anonymous_2)","line":13,"loc":{"start":{"line":13,"column":12},"end":{"line":13,"column":19}}}},"statementMap":{"1":{"start":{"line":1,"column":0},"end":{"line":1,"column":35}},"2":{"start":{"line":3,"column":0},"end":{"line":21,"column":1}},"3":{"start":{"line":6,"column":4},"end":{"line":6,"column":29}},"4":{"start":{"line":7,"column":4},"end":{"line":9,"column":5}},"5":{"start":{"line":8,"column":6},"end":{"line":8,"column":97}},"6":{"start":{"line":10,"column":4},"end":{"line":10,"column":95}},"7":{"start":{"line":14,"column":4},"end":{"line":14,"column":37}},"8":{"start":{"line":15,"column":4},"end":{"line":19,"column":5}},"9":{"start":{"line":16,"column":8},"end":{"line":16,"column":20}},"10":{"start":{"line":18,"column":8},"end":{"line":18,"column":21}},"11":{"start":{"line":23,"column":0},"end":{"line":23,"column":22}}},"branchMap":{"1":{"line":7,"type":"if","locations":[{"start":{"line":7,"column":4},"end":{"line":7,"column":4}},{"start":{"line":7,"column":4},"end":{"line":7,"column":4}}]},"2":{"line":7,"type":"binary-expr","locations":[{"start":{"line":7,"column":7},"end":{"line":7,"column":27}},{"start":{"line":7,"column":31},"end":{"line":7,"column":44}}]},"3":{"line":15,"type":"if","locations":[{"start":{"line":15,"column":4},"end":{"line":15,"column":4}},{"start":{"line":15,"column":4},"end":{"line":15,"column":4}}]}}},"/home/pranay/Documents/test1/app/config/constants.js":{"path":"/home/pranay/Documents/test1/app/config/constants.js","s":{"1":1,"2":1},"b":{},"f":{},"fnMap":{},"statementMap":{"1":{"start":{"line":1,"column":0},"end":{"line":4,"column":2}},"2":{"start":{"line":6,"column":0},"end":{"line":6,"column":21}}},"branchMap":{}},"/home/pranay/Documents/test1/app/controllers/propertyController.js":{"path":"/home/pranay/Documents/test1/app/controllers/propertyController.js","s":{"1":1,"2":1,"3":1,"4":1,"5":1,"6":1,"7":1,"8":1,"9":1,"10":2,"11":2,"12":2,"13":1},"b":{},"f":{"1":1},"fnMap":{"1":{"name":"(anonymous_1)","line":11,"loc":{"start":{"line":11,"column":14},"end":{"line":11,"column":36}}}},"statementMap":{"1":{"start":{"line":1,"column":0},"end":{"line":1,"column":35}},"2":{"start":{"line":2,"column":0},"end":{"line":2,"column":43}},"3":{"start":{"line":3,"column":0},"end":{"line":3,"column":41}},"4":{"start":{"line":4,"column":0},"end":{"line":4,"column":31}},"5":{"start":{"line":5,"column":0},"end":{"line":5,"column":31}},"6":{"start":{"line":8,"column":0},"end":{"line":31,"column":2}},"7":{"start":{"line":12,"column":4},"end":{"line":16,"column":7}},"8":{"start":{"line":13,"column":6},"end":{"line":13,"column":30}},"9":{"start":{"line":15,"column":5},"end":{"line":15,"column":26}},"10":{"start":{"line":21,"column":3},"end":{"line":21,"column":43}},"11":{"start":{"line":22,"column":3},"end":{"line":27,"column":5}},"12":{"start":{"line":28,"column":3},"end":{"line":28,"column":25}},"13":{"start":{"line":35,"column":0},"end":{"line":35,"column":36}}},"branchMap":{}}}