TN:
SF:/home/pranay/Documents/test1/app/config/utils.js
FN:5,(anonymous_1)
FN:13,(anonymous_2)
FNF:2
FNH:2
FNDA:4,(anonymous_1)
FNDA:2,(anonymous_2)
DA:1,1
DA:3,1
DA:6,4
DA:7,4
DA:8,1
DA:10,3
DA:14,2
DA:15,2
DA:16,1
DA:18,1
DA:23,1
LF:11
LH:11
BRDA:7,1,0,1
BRDA:7,1,1,3
BRDA:7,2,0,4
BRDA:7,2,1,3
BRDA:15,3,0,1
BRDA:15,3,1,1
BRF:6
BRH:6
end_of_record
TN:
SF:/home/pranay/Documents/test1/app/config/constants.js
FNF:0
FNH:0
DA:1,1
DA:6,1
LF:2
LH:2
BRF:0
BRH:0
end_of_record
TN:
SF:/home/pranay/Documents/test1/app/controllers/propertyController.js
FN:11,(anonymous_1)
FNF:1
FNH:1
FNDA:1,(anonymous_1)
DA:1,1
DA:2,1
DA:3,1
DA:4,1
DA:5,1
DA:8,1
DA:12,1
DA:13,1
DA:15,1
DA:21,2
DA:22,2
DA:28,2
DA:35,1
LF:13
LH:13
BRF:0
BRH:0
end_of_record
